2020-09-07 13:45:42.317  INFO 10752 --- [main] c.c.c.ConfigServicePropertySourceLocator : Fetching config from server at : http://localhost:8888
2020-09-07 13:45:49.569  INFO 10752 --- [main] c.c.c.ConfigServicePropertySourceLocator : Located environment: name=employee-service, profiles=[default], label=null, version=224b227e356751b2713ea80d81bca67ec3a36320, state=null
2020-09-07 13:45:49.570  INFO 10752 --- [main] b.c.PropertySourceBootstrapConfiguration : Located property source: CompositePropertySource {name='configService', propertySources=[MapPropertySource {name='configClient'}, MapPropertySource {name='https://github.com/trainig2020/Ezhilarasi_GitRepo/application.properties'}]}
2020-09-07 13:45:49.894  INFO 10752 --- [main] c.s.E.EmployeeServiceApplication         : The following profiles are active: developer
2020-09-07 13:45:51.362  INFO 10752 --- [main] .s.d.r.c.RepositoryConfigurationDelegate : Bootstrapping Spring Data JPA repositories in DEFERRED mode.
2020-09-07 13:45:51.515  INFO 10752 --- [main] .s.d.r.c.RepositoryConfigurationDelegate : Finished Spring Data repository scanning in 134ms. Found 1 JPA repository interfaces.
2020-09-07 13:45:52.021  INFO 10752 --- [main] o.s.cloud.context.scope.GenericScope     : BeanFactory id=fc1a2529-eae6-34b6-bd57-a564e93f4da8
2020-09-07 13:45:52.369  INFO 10752 --- [main] trationDelegate$BeanPostProcessorChecker : Bean 'org.springframework.cloud.autoconfigure.ConfigurationPropertiesRebinderAutoConfiguration' of type [org.springframework.cloud.autoconfigure.ConfigurationPropertiesRebinderAutoConfiguration$$EnhancerBySpringCGLIB$$25465ea9] is not eligible for getting processed by all BeanPostProcessors (for example: not eligible for auto-proxying)
2020-09-07 13:45:52.887  INFO 10752 --- [main] o.s.b.w.embedded.tomcat.TomcatWebServer  : Tomcat initialized with port(s): 8082 (http)
2020-09-07 13:45:52.900  INFO 10752 --- [main] o.apache.catalina.core.StandardService   : Starting service [Tomcat]
2020-09-07 13:45:52.901  INFO 10752 --- [main] org.apache.catalina.core.StandardEngine  : Starting Servlet engine: [Apache Tomcat/9.0.37]
2020-09-07 13:45:53.090  INFO 10752 --- [main] o.a.c.c.C.[Tomcat].[localhost].[/]       : Initializing Spring embedded WebApplicationContext
2020-09-07 13:45:53.091  INFO 10752 --- [main] w.s.c.ServletWebServerApplicationContext : Root WebApplicationContext: initialization completed in 3127 ms
2020-09-07 13:45:53.717  INFO 10752 --- [main] o.s.s.concurrent.ThreadPoolTaskExecutor  : Initializing ExecutorService 'applicationTaskExecutor'
2020-09-07 13:45:54.162  WARN 10752 --- [main] c.n.c.sources.URLConfigurationSource     : No URLs will be polled as dynamic configuration sources.
2020-09-07 13:45:54.163  INFO 10752 --- [main] c.n.c.sources.URLConfigurationSource     : To enable URLs as dynamic configuration sources, define System property archaius.configurationSource.additionalUrls or make config.properties available on classpath.
2020-09-07 13:45:54.171  WARN 10752 --- [main] c.n.c.sources.URLConfigurationSource     : No URLs will be polled as dynamic configuration sources.
2020-09-07 13:45:54.172  INFO 10752 --- [main] c.n.c.sources.URLConfigurationSource     : To enable URLs as dynamic configuration sources, define System property archaius.configurationSource.additionalUrls or make config.properties available on classpath.
2020-09-07 13:45:54.181  INFO 10752 --- [task-1] o.hibernate.jpa.internal.util.LogHelper  : HHH000204: Processing PersistenceUnitInfo [name: default]
2020-09-07 13:45:54.692  WARN 10752 --- [main] JpaBaseConfiguration$JpaWebConfiguration : spring.jpa.open-in-view is enabled by default. Therefore, database queries may be performed during view rendering. Explicitly configure spring.jpa.open-in-view to disable this warning
2020-09-07 13:45:55.082  INFO 10752 --- [task-1] org.hibernate.Version                    : HHH000412: Hibernate ORM core version 5.4.20.Final
2020-09-07 13:45:55.715  INFO 10752 --- [task-1] o.hibernate.annotations.common.Version   : HCANN000001: Hibernate Commons Annotations {5.1.0.Final}
2020-09-07 13:45:56.402  INFO 10752 --- [task-1] com.zaxxer.hikari.HikariDataSource       : HikariPool-1 - Starting...
2020-09-07 13:45:57.082  INFO 10752 --- [main] o.s.c.n.eureka.InstanceInfoFactory       : Setting initial instance status as: STARTING
2020-09-07 13:46:01.846  INFO 10752 --- [main] com.netflix.discovery.DiscoveryClient    : Initializing Eureka in region us-east-1
2020-09-07 13:46:02.679  INFO 10752 --- [task-1] com.zaxxer.hikari.HikariDataSource       : HikariPool-1 - Start completed.
2020-09-07 13:46:03.443  INFO 10752 --- [task-1] org.hibernate.dialect.Dialect            : HHH000400: Using dialect: org.hibernate.dialect.MySQL55Dialect
2020-09-07 13:46:03.578  INFO 10752 --- [main] c.n.d.provider.DiscoveryJerseyProvider   : Using JSON encoding codec LegacyJacksonJson
2020-09-07 13:46:03.579  INFO 10752 --- [main] c.n.d.provider.DiscoveryJerseyProvider   : Using JSON decoding codec LegacyJacksonJson
2020-09-07 13:46:04.463  INFO 10752 --- [main] c.n.d.provider.DiscoveryJerseyProvider   : Using XML encoding codec XStreamXml
2020-09-07 13:46:04.464  INFO 10752 --- [main] c.n.d.provider.DiscoveryJerseyProvider   : Using XML decoding codec XStreamXml
2020-09-07 13:46:04.978  INFO 10752 --- [main] c.n.d.s.r.aws.ConfigClusterResolver      : Resolving eureka endpoints via configuration
2020-09-07 13:46:05.629  INFO 10752 --- [main] com.netflix.discovery.DiscoveryClient    : Disable delta property : false
2020-09-07 13:46:05.629  INFO 10752 --- [main] com.netflix.discovery.DiscoveryClient    : Single vip registry refresh property : null
2020-09-07 13:46:05.629  INFO 10752 --- [main] com.netflix.discovery.DiscoveryClient    : Force full registry fetch : false
2020-09-07 13:46:05.630  INFO 10752 --- [main] com.netflix.discovery.DiscoveryClient    : Application is null : false
2020-09-07 13:46:05.630  INFO 10752 --- [main] com.netflix.discovery.DiscoveryClient    : Registered Applications size is zero : true
2020-09-07 13:46:05.630  INFO 10752 --- [main] com.netflix.discovery.DiscoveryClient    : Application version is -1: true
2020-09-07 13:46:05.630  INFO 10752 --- [main] com.netflix.discovery.DiscoveryClient    : Getting all instance registry info from the eureka server
2020-09-07 13:46:06.130  INFO 10752 --- [main] com.netflix.discovery.DiscoveryClient    : The response status is 200
2020-09-07 13:46:06.139  INFO 10752 --- [main] com.netflix.discovery.DiscoveryClient    : Starting heartbeat executor: renew interval is: 30
2020-09-07 13:46:06.147  INFO 10752 --- [main] c.n.discovery.InstanceInfoReplicator     : InstanceInfoReplicator onDemand update allowed rate per min is 4
2020-09-07 13:46:06.171  INFO 10752 --- [main] com.netflix.discovery.DiscoveryClient    : Discovery Client initialized at timestamp 1599466566163 with initial instances count: 1
2020-09-07 13:46:06.199  INFO 10752 --- [main] o.s.c.n.e.s.EurekaServiceRegistry        : Registering application EMPLOYEE-SERVICE with eureka with status UP
2020-09-07 13:46:06.202  INFO 10752 --- [main] com.netflix.discovery.DiscoveryClient    : Saw local status change event StatusChangeEvent [timestamp=1599466566201, current=UP, previous=STARTING]
2020-09-07 13:46:06.264  INFO 10752 --- [DiscoveryClient-InstanceInfoReplicator-0] com.netflix.discovery.DiscoveryClient    : DiscoveryClient_EMPLOYEE-SERVICE/ezhilarasi:employee-service:8082: registering service...
2020-09-07 13:46:06.357  INFO 10752 --- [main] o.s.b.w.embedded.tomcat.TomcatWebServer  : Tomcat started on port(s): 8082 (http) with context path ''
2020-09-07 13:46:06.360  INFO 10752 --- [main] .s.c.n.e.s.EurekaAutoServiceRegistration : Updating port to 8082
2020-09-07 13:46:06.403  INFO 10752 --- [main] DeferredRepositoryInitializationListener : Triggering deferred initialization of Spring Data repositories…
2020-09-07 13:46:06.673  INFO 10752 --- [DiscoveryClient-InstanceInfoReplicator-0] com.netflix.discovery.DiscoveryClient    : DiscoveryClient_EMPLOYEE-SERVICE/ezhilarasi:employee-service:8082 - registration status: 204
2020-09-07 13:46:11.484  INFO 10752 --- [task-1] o.h.e.t.j.p.i.JtaPlatformInitiator       : HHH000490: Using JtaPlatform implementation: [org.hibernate.engine.transaction.jta.platform.internal.NoJtaPlatform]
2020-09-07 13:46:11.546  INFO 10752 --- [task-1] j.LocalContainerEntityManagerFactoryBean : Initialized JPA EntityManagerFactory for persistence unit 'default'
2020-09-07 13:46:12.481  INFO 10752 --- [main] DeferredRepositoryInitializationListener : Spring Data repositories initialized!
2020-09-07 13:46:12.498  INFO 10752 --- [main] c.s.E.EmployeeServiceApplication         : Started EmployeeServiceApplication in 32.192 seconds (JVM running for 32.92)
2020-09-07 13:51:10.480  INFO 10752 --- [AsyncResolver-bootstrap-executor-0] c.n.d.s.r.aws.ConfigClusterResolver      : Resolving eureka endpoints via configuration
2020-09-07 13:56:21.137  INFO 10752 --- [AsyncResolver-bootstrap-executor-0] c.n.d.s.r.aws.ConfigClusterResolver      : Resolving eureka endpoints via configuration
2020-09-07 14:01:21.146  INFO 10752 --- [AsyncResolver-bootstrap-executor-0] c.n.d.s.r.aws.ConfigClusterResolver      : Resolving eureka endpoints via configuration
2020-09-07 14:06:21.240  INFO 10752 --- [AsyncResolver-bootstrap-executor-0] c.n.d.s.r.aws.ConfigClusterResolver      : Resolving eureka endpoints via configuration
2020-09-07 14:11:21.261  INFO 10752 --- [AsyncResolver-bootstrap-executor-0] c.n.d.s.r.aws.ConfigClusterResolver      : Resolving eureka endpoints via configuration
2020-09-07 14:15:07.326  INFO 10752 --- [http-nio-8082-exec-1] o.a.c.c.C.[Tomcat].[localhost].[/]       : Initializing Spring DispatcherServlet 'dispatcherServlet'
2020-09-07 14:15:07.327  INFO 10752 --- [http-nio-8082-exec-1] o.s.web.servlet.DispatcherServlet        : Initializing Servlet 'dispatcherServlet'
2020-09-07 14:15:09.099  INFO 10752 --- [http-nio-8082-exec-1] o.s.web.servlet.DispatcherServlet        : Completed initialization in 1772 ms
2020-09-07 14:15:30.638  INFO 10752 --- [http-nio-8082-exec-1] c.s.E.controller.EmployeeController      : List all Employees based on Dept Id
2020-09-07 14:16:21.752  INFO 10752 --- [AsyncResolver-bootstrap-executor-0] c.n.d.s.r.aws.ConfigClusterResolver      : Resolving eureka endpoints via configuration
2020-09-07 14:19:30.999  INFO 10752 --- [http-nio-8082-exec-5] c.s.E.controller.EmployeeController      : List all Employees based on Dept Id
2020-09-07 14:21:22.231  INFO 10752 --- [AsyncResolver-bootstrap-executor-0] c.n.d.s.r.aws.ConfigClusterResolver      : Resolving eureka endpoints via configuration
2020-09-07 14:21:58.859  INFO 10752 --- [http-nio-8082-exec-6] c.s.E.controller.EmployeeController      : List all Employees based on Dept Id
2020-09-07 14:22:01.409  INFO 10752 --- [http-nio-8082-exec-7] c.s.E.controller.EmployeeController      : List all Employees based on Dept Id
2020-09-07 14:22:15.022  INFO 10752 --- [http-nio-8082-exec-4] c.s.E.controller.EmployeeController      : List all Employees based on Dept Id
2020-09-07 14:22:25.446  INFO 10752 --- [http-nio-8082-exec-8] c.s.E.controller.EmployeeController      : List all Employees based on Dept Id
2020-09-07 14:22:28.804  INFO 10752 --- [http-nio-8082-exec-10] c.s.E.controller.EmployeeController      : List all Employees based on Dept Id
2020-09-07 14:22:32.490  INFO 10752 --- [http-nio-8082-exec-9] c.s.E.controller.EmployeeController      : List all Employees based on Dept Id
2020-09-07 14:22:34.635  INFO 10752 --- [http-nio-8082-exec-3] c.s.E.controller.EmployeeController      : List all Employees based on Dept Id
2020-09-07 15:11:15.797  INFO 9720 --- [main] c.c.c.ConfigServicePropertySourceLocator : Fetching config from server at : http://localhost:8888
2020-09-07 15:11:22.847  INFO 9720 --- [main] c.c.c.ConfigServicePropertySourceLocator : Located environment: name=employee-service, profiles=[default], label=null, version=224b227e356751b2713ea80d81bca67ec3a36320, state=null
2020-09-07 15:11:22.855  INFO 9720 --- [main] b.c.PropertySourceBootstrapConfiguration : Located property source: CompositePropertySource {name='configService', propertySources=[MapPropertySource {name='configClient'}, MapPropertySource {name='https://github.com/trainig2020/Ezhilarasi_GitRepo/application.properties'}]}
2020-09-07 15:11:22.982  INFO 9720 --- [main] c.s.E.EmployeeServiceApplication         : The following profiles are active: developer
2020-09-07 15:11:24.563  INFO 9720 --- [main] .s.d.r.c.RepositoryConfigurationDelegate : Bootstrapping Spring Data JPA repositories in DEFERRED mode.
2020-09-07 15:11:24.735  INFO 9720 --- [main] .s.d.r.c.RepositoryConfigurationDelegate : Finished Spring Data repository scanning in 142ms. Found 1 JPA repository interfaces.
2020-09-07 15:11:25.230  INFO 9720 --- [main] o.s.cloud.context.scope.GenericScope     : BeanFactory id=fc1a2529-eae6-34b6-bd57-a564e93f4da8
2020-09-07 15:11:25.544  INFO 9720 --- [main] trationDelegate$BeanPostProcessorChecker : Bean 'org.springframework.cloud.autoconfigure.ConfigurationPropertiesRebinderAutoConfiguration' of type [org.springframework.cloud.autoconfigure.ConfigurationPropertiesRebinderAutoConfiguration$$EnhancerBySpringCGLIB$$25465ea9] is not eligible for getting processed by all BeanPostProcessors (for example: not eligible for auto-proxying)
2020-09-07 15:11:26.221  INFO 9720 --- [main] o.s.b.w.embedded.tomcat.TomcatWebServer  : Tomcat initialized with port(s): 8082 (http)
2020-09-07 15:11:26.243  INFO 9720 --- [main] o.apache.catalina.core.StandardService   : Starting service [Tomcat]
2020-09-07 15:11:26.243  INFO 9720 --- [main] org.apache.catalina.core.StandardEngine  : Starting Servlet engine: [Apache Tomcat/9.0.37]
2020-09-07 15:11:26.471  INFO 9720 --- [main] o.a.c.c.C.[Tomcat].[localhost].[/]       : Initializing Spring embedded WebApplicationContext
2020-09-07 15:11:26.471  INFO 9720 --- [main] w.s.c.ServletWebServerApplicationContext : Root WebApplicationContext: initialization completed in 3465 ms
2020-09-07 15:11:27.130  INFO 9720 --- [main] o.s.s.concurrent.ThreadPoolTaskExecutor  : Initializing ExecutorService 'applicationTaskExecutor'
2020-09-07 15:11:27.491  WARN 9720 --- [main] c.n.c.sources.URLConfigurationSource     : No URLs will be polled as dynamic configuration sources.
2020-09-07 15:11:27.499  INFO 9720 --- [main] c.n.c.sources.URLConfigurationSource     : To enable URLs as dynamic configuration sources, define System property archaius.configurationSource.additionalUrls or make config.properties available on classpath.
2020-09-07 15:11:27.516  WARN 9720 --- [main] c.n.c.sources.URLConfigurationSource     : No URLs will be polled as dynamic configuration sources.
2020-09-07 15:11:27.516  INFO 9720 --- [main] c.n.c.sources.URLConfigurationSource     : To enable URLs as dynamic configuration sources, define System property archaius.configurationSource.additionalUrls or make config.properties available on classpath.
2020-09-07 15:11:27.516  INFO 9720 --- [task-1] o.hibernate.jpa.internal.util.LogHelper  : HHH000204: Processing PersistenceUnitInfo [name: default]
2020-09-07 15:11:27.688  WARN 9720 --- [main] JpaBaseConfiguration$JpaWebConfiguration : spring.jpa.open-in-view is enabled by default. Therefore, database queries may be performed during view rendering. Explicitly configure spring.jpa.open-in-view to disable this warning
2020-09-07 15:11:27.844  INFO 9720 --- [task-1] org.hibernate.Version                    : HHH000412: Hibernate ORM core version 5.4.20.Final
2020-09-07 15:11:28.417  INFO 9720 --- [task-1] o.hibernate.annotations.common.Version   : HCANN000001: Hibernate Commons Annotations {5.1.0.Final}
2020-09-07 15:11:29.144  INFO 9720 --- [task-1] com.zaxxer.hikari.HikariDataSource       : HikariPool-1 - Starting...
2020-09-07 15:11:29.797  INFO 9720 --- [task-1] com.zaxxer.hikari.HikariDataSource       : HikariPool-1 - Start completed.
2020-09-07 15:11:29.937  INFO 9720 --- [main] o.s.c.n.eureka.InstanceInfoFactory       : Setting initial instance status as: STARTING
2020-09-07 15:11:29.969  INFO 9720 --- [task-1] org.hibernate.dialect.Dialect            : HHH000400: Using dialect: org.hibernate.dialect.MySQL55Dialect
2020-09-07 15:11:30.469  INFO 9720 --- [main] com.netflix.discovery.DiscoveryClient    : Initializing Eureka in region us-east-1
2020-09-07 15:11:31.226  INFO 9720 --- [main] c.n.d.provider.DiscoveryJerseyProvider   : Using JSON encoding codec LegacyJacksonJson
2020-09-07 15:11:31.226  INFO 9720 --- [main] c.n.d.provider.DiscoveryJerseyProvider   : Using JSON decoding codec LegacyJacksonJson
2020-09-07 15:11:34.630  INFO 9720 --- [main] c.n.d.provider.DiscoveryJerseyProvider   : Using XML encoding codec XStreamXml
2020-09-07 15:11:34.658  INFO 9720 --- [main] c.n.d.provider.DiscoveryJerseyProvider   : Using XML decoding codec XStreamXml
2020-09-07 15:11:41.430  INFO 9720 --- [main] c.n.d.s.r.aws.ConfigClusterResolver      : Resolving eureka endpoints via configuration
2020-09-07 15:11:41.602  INFO 9720 --- [main] com.netflix.discovery.DiscoveryClient    : Disable delta property : false
2020-09-07 15:11:41.602  INFO 9720 --- [main] com.netflix.discovery.DiscoveryClient    : Single vip registry refresh property : null
2020-09-07 15:11:41.602  INFO 9720 --- [main] com.netflix.discovery.DiscoveryClient    : Force full registry fetch : false
2020-09-07 15:11:41.602  INFO 9720 --- [main] com.netflix.discovery.DiscoveryClient    : Application is null : false
2020-09-07 15:11:41.602  INFO 9720 --- [main] com.netflix.discovery.DiscoveryClient    : Registered Applications size is zero : true
2020-09-07 15:11:41.602  INFO 9720 --- [main] com.netflix.discovery.DiscoveryClient    : Application version is -1: true
2020-09-07 15:11:41.602  INFO 9720 --- [main] com.netflix.discovery.DiscoveryClient    : Getting all instance registry info from the eureka server
2020-09-07 15:11:41.915  INFO 9720 --- [main] com.netflix.discovery.DiscoveryClient    : The response status is 200
2020-09-07 15:11:41.930  INFO 9720 --- [main] com.netflix.discovery.DiscoveryClient    : Starting heartbeat executor: renew interval is: 30
2020-09-07 15:11:41.930  INFO 9720 --- [main] c.n.discovery.InstanceInfoReplicator     : InstanceInfoReplicator onDemand update allowed rate per min is 4
2020-09-07 15:11:41.930  INFO 9720 --- [main] com.netflix.discovery.DiscoveryClient    : Discovery Client initialized at timestamp 1599471701930 with initial instances count: 1
2020-09-07 15:11:41.946  INFO 9720 --- [main] o.s.c.n.e.s.EurekaServiceRegistry        : Registering application EMPLOYEE-SERVICE with eureka with status UP
2020-09-07 15:11:41.946  INFO 9720 --- [main] com.netflix.discovery.DiscoveryClient    : Saw local status change event StatusChangeEvent [timestamp=1599471701946, current=UP, previous=STARTING]
2020-09-07 15:11:41.946  INFO 9720 --- [DiscoveryClient-InstanceInfoReplicator-0] com.netflix.discovery.DiscoveryClient    : DiscoveryClient_EMPLOYEE-SERVICE/ezhilarasi:employee-service:8082: registering service...
2020-09-07 15:11:42.008  INFO 9720 --- [main] o.s.b.w.embedded.tomcat.TomcatWebServer  : Tomcat started on port(s): 8082 (http) with context path ''
2020-09-07 15:11:42.008  INFO 9720 --- [main] .s.c.n.e.s.EurekaAutoServiceRegistration : Updating port to 8082
2020-09-07 15:11:42.008  INFO 9720 --- [main] DeferredRepositoryInitializationListener : Triggering deferred initialization of Spring Data repositories…
2020-09-07 15:11:42.114  INFO 9720 --- [DiscoveryClient-InstanceInfoReplicator-0] com.netflix.discovery.DiscoveryClient    : DiscoveryClient_EMPLOYEE-SERVICE/ezhilarasi:employee-service:8082 - registration status: 204
2020-09-07 15:11:42.832  INFO 9720 --- [task-1] o.h.e.t.j.p.i.JtaPlatformInitiator       : HHH000490: Using JtaPlatform implementation: [org.hibernate.engine.transaction.jta.platform.internal.NoJtaPlatform]
2020-09-07 15:11:42.882  INFO 9720 --- [task-1] j.LocalContainerEntityManagerFactoryBean : Initialized JPA EntityManagerFactory for persistence unit 'default'
2020-09-07 15:11:43.500  INFO 9720 --- [main] DeferredRepositoryInitializationListener : Spring Data repositories initialized!
2020-09-07 15:11:43.515  INFO 9720 --- [main] c.s.E.EmployeeServiceApplication         : Started EmployeeServiceApplication in 30.26 seconds (JVM running for 31.153)
2020-09-07 15:16:46.683  INFO 9720 --- [AsyncResolver-bootstrap-executor-0] c.n.d.s.r.aws.ConfigClusterResolver      : Resolving eureka endpoints via configuration
2020-09-07 15:21:49.014  INFO 9720 --- [AsyncResolver-bootstrap-executor-0] c.n.d.s.r.aws.ConfigClusterResolver      : Resolving eureka endpoints via configuration
2020-09-07 15:22:25.637  INFO 9720 --- [http-nio-8082-exec-2] o.a.c.c.C.[Tomcat].[localhost].[/]       : Initializing Spring DispatcherServlet 'dispatcherServlet'
2020-09-07 15:22:25.676  INFO 9720 --- [http-nio-8082-exec-2] o.s.web.servlet.DispatcherServlet        : Initializing Servlet 'dispatcherServlet'
2020-09-07 15:22:29.154  INFO 9720 --- [http-nio-8082-exec-2] o.s.web.servlet.DispatcherServlet        : Completed initialization in 3478 ms
2020-09-07 15:23:20.090  INFO 9720 --- [http-nio-8082-exec-1] c.s.E.controller.EmployeeController      : List all Employees based on Dept Id
2020-09-07 15:23:20.090  INFO 9720 --- [http-nio-8082-exec-3] c.s.E.controller.EmployeeController      : List all Employees based on Dept Id
2020-09-07 15:23:20.090  INFO 9720 --- [http-nio-8082-exec-2] c.s.E.controller.EmployeeController      : List all Employees based on Dept Id
2020-09-07 15:23:21.931  INFO 9720 --- [http-nio-8082-exec-6] c.s.E.controller.EmployeeController      : List all Employees based on Dept Id
2020-09-07 15:24:25.763  INFO 9720 --- [http-nio-8082-exec-4] c.s.E.controller.EmployeeController      : List all Employees based on Dept Id
2020-09-07 15:24:37.368  INFO 9720 --- [http-nio-8082-exec-10] c.s.E.controller.EmployeeController      : List all Employees based on Dept Id
2020-09-07 15:26:49.509  INFO 9720 --- [AsyncResolver-bootstrap-executor-0] c.n.d.s.r.aws.ConfigClusterResolver      : Resolving eureka endpoints via configuration
2020-09-07 15:31:49.600  INFO 9720 --- [AsyncResolver-bootstrap-executor-0] c.n.d.s.r.aws.ConfigClusterResolver      : Resolving eureka endpoints via configuration
2020-09-07 15:35:57.905  INFO 9720 --- [http-nio-8082-exec-5] c.s.E.controller.EmployeeController      : List all Employees based on Dept Id
2020-09-07 15:36:20.808  INFO 9720 --- [http-nio-8082-exec-7] c.s.E.controller.EmployeeController      : Add  Employee in DB
2020-09-07 15:36:32.389  INFO 9720 --- [http-nio-8082-exec-8] c.s.E.controller.EmployeeController      : List all Employees based on Dept Id
2020-09-07 15:36:49.614  INFO 9720 --- [AsyncResolver-bootstrap-executor-0] c.n.d.s.r.aws.ConfigClusterResolver      : Resolving eureka endpoints via configuration
2020-09-07 15:36:59.022  INFO 9720 --- [http-nio-8082-exec-1] c.s.E.controller.EmployeeController      : Add  Employee in DB
2020-09-07 15:36:59.843  INFO 9720 --- [http-nio-8082-exec-2] c.s.E.controller.EmployeeController      : List all Employees based on Dept Id
2020-09-07 15:37:11.757  INFO 9720 --- [http-nio-8082-exec-6] c.s.E.controller.EmployeeController      : List all Employees based on Dept Id
2020-09-07 15:37:18.798  INFO 9720 --- [http-nio-8082-exec-3] c.s.E.controller.EmployeeController      : List all Employees based on Dept Id
2020-09-07 15:37:33.757  INFO 9720 --- [http-nio-8082-exec-4] c.s.E.controller.EmployeeController      : Add  Employee in DB
2020-09-07 15:37:34.086  INFO 9720 --- [http-nio-8082-exec-10] c.s.E.controller.EmployeeController      : List all Employees based on Dept Id
2020-09-07 15:37:37.535  INFO 9720 --- [http-nio-8082-exec-9] c.s.E.controller.EmployeeController      : List all Employees based on Dept Id
2020-09-07 15:37:48.717  INFO 9720 --- [http-nio-8082-exec-5] c.s.E.controller.EmployeeController      : List all Employees based on Dept Id
2020-09-07 15:37:52.529  INFO 9720 --- [http-nio-8082-exec-7] c.s.E.controller.EmployeeController      : List all Employees based on Dept Id
2020-09-07 15:38:06.383  INFO 9720 --- [http-nio-8082-exec-8] c.s.E.controller.EmployeeController      : Update the particular Employee in DB
2020-09-07 15:38:06.871  INFO 9720 --- [http-nio-8082-exec-1] c.s.E.controller.EmployeeController      : List all Employees based on Dept Id
2020-09-07 15:38:12.392  INFO 9720 --- [http-nio-8082-exec-2] c.s.E.controller.EmployeeController      : List all Employees based on Dept Id
2020-09-07 15:38:20.748  INFO 9720 --- [http-nio-8082-exec-6] c.s.E.controller.EmployeeController      : Delete the Employee in DB
2020-09-07 15:38:21.287  INFO 9720 --- [http-nio-8082-exec-3] c.s.E.controller.EmployeeController      : List all Employees based on Dept Id
2020-09-07 15:41:49.674  INFO 9720 --- [AsyncResolver-bootstrap-executor-0] c.n.d.s.r.aws.ConfigClusterResolver      : Resolving eureka endpoints via configuration
2020-09-07 15:46:49.879  INFO 9720 --- [AsyncResolver-bootstrap-executor-0] c.n.d.s.r.aws.ConfigClusterResolver      : Resolving eureka endpoints via configuration
2020-09-07 15:51:45.404  INFO 9720 --- [http-nio-8082-exec-10] c.s.E.controller.EmployeeController      : List all Employees based on Dept Id
2020-09-07 15:51:50.293  INFO 9720 --- [AsyncResolver-bootstrap-executor-0] c.n.d.s.r.aws.ConfigClusterResolver      : Resolving eureka endpoints via configuration
2020-09-07 15:56:50.309  INFO 9720 --- [AsyncResolver-bootstrap-executor-0] c.n.d.s.r.aws.ConfigClusterResolver      : Resolving eureka endpoints via configuration
2020-09-07 16:01:50.367  INFO 9720 --- [AsyncResolver-bootstrap-executor-0] c.n.d.s.r.aws.ConfigClusterResolver      : Resolving eureka endpoints via configuration
2020-09-07 16:02:21.600  INFO 9720 --- [http-nio-8082-exec-5] c.s.E.controller.EmployeeController      : List all Employees based on Dept Id
2020-09-07 16:06:50.386  INFO 9720 --- [AsyncResolver-bootstrap-executor-0] c.n.d.s.r.aws.ConfigClusterResolver      : Resolving eureka endpoints via configuration
2020-09-07 16:07:12.790  INFO 9720 --- [http-nio-8082-exec-7] c.s.E.controller.EmployeeController      : List all Employees based on Dept Id
2020-09-07 16:11:50.418  INFO 9720 --- [AsyncResolver-bootstrap-executor-0] c.n.d.s.r.aws.ConfigClusterResolver      : Resolving eureka endpoints via configuration
2020-09-07 16:16:50.427  INFO 9720 --- [AsyncResolver-bootstrap-executor-0] c.n.d.s.r.aws.ConfigClusterResolver      : Resolving eureka endpoints via configuration
2020-09-07 16:20:24.641  INFO 9720 --- [http-nio-8082-exec-1] c.s.E.controller.EmployeeController      : List all Employees based on Dept Id
2020-09-07 16:20:46.324  INFO 9720 --- [http-nio-8082-exec-2] c.s.E.controller.EmployeeController      : Add  Employee in DB
2020-09-07 16:20:49.959  INFO 9720 --- [http-nio-8082-exec-6] c.s.E.controller.EmployeeController      : List all Employees based on Dept Id
2020-09-07 16:21:50.499  INFO 9720 --- [AsyncResolver-bootstrap-executor-0] c.n.d.s.r.aws.ConfigClusterResolver      : Resolving eureka endpoints via configuration
2020-09-07 16:26:50.582  INFO 9720 --- [AsyncResolver-bootstrap-executor-0] c.n.d.s.r.aws.ConfigClusterResolver      : Resolving eureka endpoints via configuration
2020-09-07 16:29:05.119  INFO 9720 --- [http-nio-8082-exec-3] c.s.E.controller.EmployeeController      : List all Employees based on Dept Id
2020-09-07 16:29:12.003  INFO 9720 --- [http-nio-8082-exec-4] c.s.E.controller.EmployeeController      : List all Employees based on Dept Id
2020-09-07 16:29:35.343  INFO 9720 --- [http-nio-8082-exec-10] c.s.E.controller.EmployeeController      : Add  Employee in DB
2020-09-07 16:29:36.026  INFO 9720 --- [http-nio-8082-exec-9] c.s.E.controller.EmployeeController      : List all Employees based on Dept Id
2020-09-07 16:31:50.598  INFO 9720 --- [AsyncResolver-bootstrap-executor-0] c.n.d.s.r.aws.ConfigClusterResolver      : Resolving eureka endpoints via configuration
2020-09-07 16:36:50.656  INFO 9720 --- [AsyncResolver-bootstrap-executor-0] c.n.d.s.r.aws.ConfigClusterResolver      : Resolving eureka endpoints via configuration
